<?xml version="1.0" encoding="UTF-8"?>
<!-- Generated by org.testng.reporters.JUnitXMLReporter -->
<testsuite ignored="0" hostname="DESKTOP-6G9ASCG" failures="1" tests="9" name="Test" time="263.878" errors="0" timestamp="2023-07-16T19:02:21 IST">
  <testcase classname="myntra_homefurnishings.TestCases.Header_test" name="menLinkValidation" time="12.317"/>
  <testcase classname="myntra_homefurnishings.TestCases.Header_test" name="womenLinkValidation" time="1.854"/>
  <testcase classname="myntra_homefurnishings.TestCases.Header_test" name="kidsLinkValidation" time="1.377"/>
  <testcase classname="myntra_homefurnishings.TestCases.Header_test" name="beautyLinkValidation" time="1.918"/>
  <testcase classname="myntra_homefurnishings.TestCases.Header_test" name="studioLinkValidation" time="2.127"/>
  <testcase classname="myntra_homefurnishings.TestCases.Filter_test" name="filterValidation" time="9.562">
    <failure type="java.lang.AssertionError" message="expected [true] but found [false]">
      <![CDATA[java.lang.AssertionError: expected [true] but found [false]
at myntra_homefurnishings.TestCases.Filter_test.filterValidation(Filter_test.java:31)
at java.base/java.util.ArrayList.forEach(ArrayList.java:1511)
... Removed 29 stack frames]]>
    </failure>
  </testcase> <!-- filterValidation -->
  <testcase classname="myntra_homefurnishings.TestCases.LandingPage_test" name="nameValidation" time="210.406"/>
  <testcase classname="myntra_homefurnishings.TestCases.Profile_test" name="profileValidation" time="12.959"/>
  <testcase classname="myntra_homefurnishings.TestCases.Search_test" name="searchValidation" time="9.198"/>
</testsuite> <!-- Test -->
